app/build/intermediates/manifest_merge_blame_file/debug/manifest-merger-blame-debug-report.txt
1<?xml version="1.0" encoding="utf-8"?>
2<manifest xmlns:android="http://schemas.android.com/apk/res/android"
3    package="com.patronusstudio.cargotracker"
4    android:versionCode="1"
5    android:versionName="1.0" >
6
7    <uses-sdk
8        android:minSdkVersion="22"
8-->src\main\AndroidManifest.xml
9        android:targetSdkVersion="29" />
9-->src\main\AndroidManifest.xml
10
11    <uses-permission android:name="android.permission.INTERNET" />
11-->src\main\AndroidManifest.xml:5:5-67
11-->src\main\AndroidManifest.xml:5:22-64
12
13    <application
13-->src\main\AndroidManifest.xml:7:5-50:19
14        android:allowBackup="true"
14-->src\main\AndroidManifest.xml:8:9-35
15        android:appComponentFactory="androidx.core.app.CoreComponentFactory"
15-->[androidx.core:core:1.1.0] AndroidManifest.xml:24:18-86
16        android:debuggable="true"
17        android:icon="@mipmap/ic_launcher"
17-->src\main\AndroidManifest.xml:9:9-43
18        android:label="@string/app_name"
18-->src\main\AndroidManifest.xml:10:9-41
19        android:roundIcon="@mipmap/ic_launcher_round"
19-->src\main\AndroidManifest.xml:11:9-54
20        android:supportsRtl="true"
20-->src\main\AndroidManifest.xml:12:9-35
21        android:theme="@style/AppTheme" >
21-->src\main\AndroidManifest.xml:13:9-40
22        <activity
22-->src\main\AndroidManifest.xml:14:9-15:66
23            android:name="com.patronusstudio.cargotracker.Fragment.CargoDetailLoad"
23-->src\main\AndroidManifest.xml:14:19-59
24            android:theme="@style/TransparentCompat" />
24-->src\main\AndroidManifest.xml:15:13-53
25        <activity
25-->src\main\AndroidManifest.xml:16:9-18:56
26            android:name="com.patronusstudio.cargotracker.Fragment.CargoDetail"
26-->src\main\AndroidManifest.xml:17:13-49
27            android:theme="@style/TransparentCompat" />
27-->src\main\AndroidManifest.xml:18:13-53
28        <activity
28-->src\main\AndroidManifest.xml:19:9-21:56
29            android:name="com.patronusstudio.cargotracker.Fragment.ProfileLoad"
29-->src\main\AndroidManifest.xml:20:13-49
30            android:theme="@style/TransparentCompat" />
30-->src\main\AndroidManifest.xml:21:13-53
31        <activity android:name="com.patronusstudio.cargotracker.Activity.UserHome" />
31-->src\main\AndroidManifest.xml:22:9-55
31-->src\main\AndroidManifest.xml:22:19-52
32        <activity
32-->src\main\AndroidManifest.xml:23:9-25:56
33            android:name="com.patronusstudio.cargotracker.Activity.UserLoginActivity"
33-->src\main\AndroidManifest.xml:24:13-55
34            android:theme="@style/TransparentCompat" />
34-->src\main\AndroidManifest.xml:25:13-53
35        <activity android:name="com.patronusstudio.cargotracker.Activity.LoadUserActivity" />
35-->src\main\AndroidManifest.xml:26:9-63
35-->src\main\AndroidManifest.xml:26:19-60
36        <activity
36-->src\main\AndroidManifest.xml:27:9-29:56
37            android:name="com.patronusstudio.cargotracker.Activity.CargoReceiver"
37-->src\main\AndroidManifest.xml:28:13-51
38            android:theme="@style/TransparentCompat" />
38-->src\main\AndroidManifest.xml:29:13-53
39        <activity
39-->src\main\AndroidManifest.xml:30:9-32:56
40            android:name="com.patronusstudio.cargotracker.Activity.CargoSender"
40-->src\main\AndroidManifest.xml:31:13-49
41            android:theme="@style/TransparentCompat" />
41-->src\main\AndroidManifest.xml:32:13-53
42        <activity
42-->src\main\AndroidManifest.xml:33:9-35:56
43            android:name="com.patronusstudio.cargotracker.Activity.CargoInfo"
43-->src\main\AndroidManifest.xml:34:13-47
44            android:theme="@style/TransparentCompat" />
44-->src\main\AndroidManifest.xml:35:13-53
45        <activity android:name="com.patronusstudio.cargotracker.Activity.CargoMain" />
45-->src\main\AndroidManifest.xml:36:9-56
45-->src\main\AndroidManifest.xml:36:19-53
46        <activity
46-->src\main\AndroidManifest.xml:37:9-39:56
47            android:name="com.patronusstudio.cargotracker.Activity.CargoTimeline"
47-->src\main\AndroidManifest.xml:38:13-51
48            android:theme="@style/TransparentCompat" />
48-->src\main\AndroidManifest.xml:39:13-53
49        <activity
49-->src\main\AndroidManifest.xml:40:9-42:56
50            android:name="com.patronusstudio.cargotracker.Activity.LoadCargoActivity"
50-->src\main\AndroidManifest.xml:41:13-55
51            android:theme="@style/TransparentCompat" />
51-->src\main\AndroidManifest.xml:42:13-53
52        <activity android:name="com.patronusstudio.cargotracker.Activity.MainActivity" >
52-->src\main\AndroidManifest.xml:43:9-49:20
52-->src\main\AndroidManifest.xml:43:19-56
53            <intent-filter>
53-->src\main\AndroidManifest.xml:44:13-48:29
54                <action android:name="android.intent.action.MAIN" />
54-->src\main\AndroidManifest.xml:45:17-69
54-->src\main\AndroidManifest.xml:45:25-66
55
56                <category android:name="android.intent.category.LAUNCHER" />
56-->src\main\AndroidManifest.xml:47:17-77
56-->src\main\AndroidManifest.xml:47:27-74
57            </intent-filter>
58        </activity>
59    </application>
60
61</manifest>